<?xml version="1.0" encoding="UTF-8"?>
<testng-results skipped="0" failed="0" ignored="0" total="1" passed="1">
  <reporter-output>
  </reporter-output>
  <suite name="Default suite" duration-ms="34927" started-at="2018-05-25T16:53:49Z" finished-at="2018-05-25T16:54:24Z">
    <groups>
      <group name="cucumber">
        <method signature="AbstractTestNGCucumberTests.feature(cucumber.api.testng.CucumberFeatureWrapper)[pri:0, instance:gov.usda.tco.atc.Runner.LIP_Runner@754ba872]" name="feature" class="cucumber.api.testng.AbstractTestNGCucumberTests"/>
      </group> <!-- cucumber -->
    </groups>
    <test name="Default test" duration-ms="34927" started-at="2018-05-25T16:53:49Z" finished-at="2018-05-25T16:54:24Z">
      <class name="gov.usda.tco.atc.Runner.LIP_Runner">
        <test-method status="PASS" signature="setUpClass()[pri:0, instance:gov.usda.tco.atc.Runner.LIP_Runner@754ba872]" name="setUpClass" is-config="true" duration-ms="270" started-at="2018-05-25T16:53:49Z" finished-at="2018-05-25T16:53:49Z">
          <reporter-output>
          </reporter-output>
        </test-method> <!-- setUpClass -->
        <test-method status="PASS" signature="feature(cucumber.api.testng.CucumberFeatureWrapper)[pri:0, instance:gov.usda.tco.atc.Runner.LIP_Runner@754ba872]" name="feature" duration-ms="34364" started-at="2018-05-25T16:53:49Z" description="Runs Cucumber Feature" data-provider="features" finished-at="2018-05-25T16:54:24Z">
          <params>
            <param index="0">
              <value>
                <![CDATA[Livestock indemnity program]]>
              </value>
            </param>
          </params>
          <reporter-output>
          </reporter-output>
        </test-method> <!-- feature -->
        <test-method status="PASS" signature="tearDownClass()[pri:0, instance:gov.usda.tco.atc.Runner.LIP_Runner@754ba872]" name="tearDownClass" is-config="true" duration-ms="191" started-at="2018-05-25T16:54:24Z" finished-at="2018-05-25T16:54:24Z">
          <reporter-output>
          </reporter-output>
        </test-method> <!-- tearDownClass -->
      </class> <!-- gov.usda.tco.atc.Runner.LIP_Runner -->
    </test> <!-- Default test -->
  </suite> <!-- Default suite -->
</testng-results>
